<?xml version="1.0" encoding="UTF-8"?>
<!-- Generated by org.testng.reporters.JUnitReportReporter -->
<testsuite hostname="LAPTOP-U6V22KKF" failures="0" tests="1" name="SeleniumIQ.HowToAddCellValues" time="18.517" errors="0" timestamp="2021-04-09T12:59:30 IST" skipped="0">
  <testcase classname="SeleniumIQ.HowToAddCellValues" name="verifySumPts" time="18.517"/>
  <system-out/>
</testsuite> <!-- SeleniumIQ.HowToAddCellValues -->
